<?xml version="1.0" encoding="UTF-8"?>
<testng-results ignored="0" total="17" passed="15" failed="1" skipped="1">
  <reporter-output>
    <line>
      <![CDATA[clicked on Contact link]]>
    </line>
    <line>
      <![CDATA[clicked on create contact link]]>
    </line>
    <line>
      <![CDATA[entered first name]]>
    </line>
    <line>
      <![CDATA[entered last name]]>
    </line>
    <line>
      <![CDATA[entered email]]>
    </line>
    <line>
      <![CDATA[entered mobile number]]>
    </line>
    <line>
      <![CDATA[clicked on select Organization button]]>
    </line>
    <line>
      <![CDATA[switched to childe browser]]>
    </line>
    <line>
      <![CDATA[selected Organization name]]>
    </line>
    <line>
      <![CDATA[switched back to parent browser]]>
    </line>
    <line>
      <![CDATA[clicked on save button]]>
    </line>
    <line>
      <![CDATA[contact created successfully]]>
    </line>
    <line>
      <![CDATA[Entered on contacts link-->home page displayed]]>
    </line>
    <line>
      <![CDATA[clicked on Contact link]]>
    </line>
    <line>
      <![CDATA[clicked on create contact link]]>
    </line>
    <line>
      <![CDATA[entered first name]]>
    </line>
    <line>
      <![CDATA[entered last name]]>
    </line>
    <line>
      <![CDATA[entered email]]>
    </line>
    <line>
      <![CDATA[entered mobile number]]>
    </line>
    <line>
      <![CDATA[clicked on select Organization button]]>
    </line>
    <line>
      <![CDATA[switched to childe browser]]>
    </line>
    <line>
      <![CDATA[selected Organization name]]>
    </line>
    <line>
      <![CDATA[switched back to parent browser]]>
    </line>
    <line>
      <![CDATA[clicked on save button]]>
    </line>
    <line>
      <![CDATA[contact created successfully]]>
    </line>
    <line>
      <![CDATA[Entered on contacts link-->home page displayed]]>
    </line>
    <line>
      <![CDATA[clicked on Contact link]]>
    </line>
    <line>
      <![CDATA[clicked on create contact link]]>
    </line>
    <line>
      <![CDATA[entered first name]]>
    </line>
    <line>
      <![CDATA[entered last name]]>
    </line>
    <line>
      <![CDATA[entered email]]>
    </line>
    <line>
      <![CDATA[entered mobile number]]>
    </line>
    <line>
      <![CDATA[clicked on select Organization button]]>
    </line>
    <line>
      <![CDATA[switched to childe browser]]>
    </line>
    <line>
      <![CDATA[selected Organization name]]>
    </line>
    <line>
      <![CDATA[switched back to parent browser]]>
    </line>
    <line>
      <![CDATA[clicked on save button]]>
    </line>
    <line>
      <![CDATA[contact created successfully]]>
    </line>
    <line>
      <![CDATA[Entered on contacts link-->home page displayed]]>
    </line>
    <line>
      <![CDATA[cliked on organization link]]>
    </line>
    <line>
      <![CDATA[clicked on create organization link]]>
    </line>
    <line>
      <![CDATA[organization name is entered]]>
    </line>
    <line>
      <![CDATA[Organization website entered]]>
    </line>
    <line>
      <![CDATA[Entered Employees]]>
    </line>
    <line>
      <![CDATA[clicked on save button]]>
    </line>
    <line>
      <![CDATA[organization created successfully]]>
    </line>
    <line>
      <![CDATA[clicked on organization link link->home page displayed]]>
    </line>
    <line>
      <![CDATA[mouse hovered on more link]]>
    </line>
    <line>
      <![CDATA[clicked on vendor link]]>
    </line>
    <line>
      <![CDATA[clicked on creater vendor]]>
    </line>
    <line>
      <![CDATA[entered vendor name]]>
    </line>
    <line>
      <![CDATA[entered vendored email id]]>
    </line>
    <line>
      <![CDATA[entered vendored phone no]]>
    </line>
    <line>
      <![CDATA[cliked on save button]]>
    </line>
    <line>
      <![CDATA[vendor is created successfully]]>
    </line>
    <line>
      <![CDATA[clicked on vendors link-->home page displayed]]>
    </line>
    <line>
      <![CDATA[mouse hovered on more link]]>
    </line>
    <line>
      <![CDATA[clicked on vendor link]]>
    </line>
    <line>
      <![CDATA[clicked on creater vendor]]>
    </line>
    <line>
      <![CDATA[entered vendor name]]>
    </line>
    <line>
      <![CDATA[entered vendored email id]]>
    </line>
    <line>
      <![CDATA[entered vendored phone no]]>
    </line>
    <line>
      <![CDATA[cliked on save button]]>
    </line>
    <line>
      <![CDATA[vendor is created successfully]]>
    </line>
    <line>
      <![CDATA[clicked on vendors link-->home page displayed]]>
    </line>
    <line>
      <![CDATA[mouse hovered on more link]]>
    </line>
    <line>
      <![CDATA[clicked on vendor link]]>
    </line>
    <line>
      <![CDATA[clicked on creater vendor]]>
    </line>
    <line>
      <![CDATA[entered vendor name]]>
    </line>
    <line>
      <![CDATA[entered vendored email id]]>
    </line>
    <line>
      <![CDATA[entered vendored phone no]]>
    </line>
    <line>
      <![CDATA[cliked on save button]]>
    </line>
    <line>
      <![CDATA[vendor is created successfully]]>
    </line>
    <line>
      <![CDATA[clicked on vendors link-->home page displayed]]>
    </line>
    <line>
      <![CDATA[mouse hovered on more link]]>
    </line>
    <line>
      <![CDATA[clicked on Invoice Link]]>
    </line>
    <line>
      <![CDATA[clicked on create invoice link]]>
    </line>
    <line>
      <![CDATA[subject01 <-- entered ]]>
    </line>
    <line>
      <![CDATA[clicked on contact name]]>
    </line>
    <line>
      <![CDATA[switched to child browser]]>
    </line>
    <line>
      <![CDATA[switched to parent browser]]>
    </line>
    <line>
      <![CDATA[selected contact name]]>
    </line>
    <line>
      <![CDATA[clicked on organization name]]>
    </line>
    <line>
      <![CDATA[switched to child browser]]>
    </line>
    <line>
      <![CDATA[switched to parent browser]]>
    </line>
    <line>
      <![CDATA[selected org name]]>
    </line>
    <line>
      <![CDATA[entered billing address]]>
    </line>
    <line>
      <![CDATA[entered shipping address]]>
    </line>
    <line>
      <![CDATA[clicked on select item]]>
    </line>
    <line>
      <![CDATA[switched to child browser]]>
    </line>
    <line>
      <![CDATA[switched to parent browser]]>
    </line>
    <line>
      <![CDATA[selected item -->Processor]]>
    </line>
    <line>
      <![CDATA[selected qty -->1]]>
    </line>
    <line>
      <![CDATA[clicked on save button]]>
    </line>
    <line>
      <![CDATA[clicked on products link]]>
    </line>
    <line>
      <![CDATA[clicked on create products link]]>
    </line>
    <line>
      <![CDATA[product01 <--product is entered into the text field]]>
    </line>
    <line>
      <![CDATA[Hardware is selected ]]>
    </line>
    <line>
      <![CDATA[selected vendor name-->Mary]]>
    </line>
    <line>
      <![CDATA[selected gl Account]]>
    </line>
    <line>
      <![CDATA[clicked on save button]]>
    </line>
    <line>
      <![CDATA[clicked on products link]]>
    </line>
    <line>
      <![CDATA[clicked on create products link]]>
    </line>
    <line>
      <![CDATA[product02 <--product is entered into the text field]]>
    </line>
    <line>
      <![CDATA[Software is selected ]]>
    </line>
    <line>
      <![CDATA[selected vendor name-->vendor02]]>
    </line>
    <line>
      <![CDATA[selected gl Account]]>
    </line>
    <line>
      <![CDATA[clicked on save button]]>
    </line>
    <line>
      <![CDATA[clicked on leads link]]>
    </line>
    <line>
      <![CDATA[clicked on create leads link]]>
    </line>
    <line>
      <![CDATA[entered firstname into TF]]>
    </line>
    <line>
      <![CDATA[entered lastname into TF]]>
    </line>
    <line>
      <![CDATA[entered comapny name]]>
    </line>
    <line>
      <![CDATA[selected lead source]]>
    </line>
    <line>
      <![CDATA[selected industry type]]>
    </line>
    <line>
      <![CDATA[entered annualrevenue into TF]]>
    </line>
    <line>
      <![CDATA[entered noofemployees into TF]]>
    </line>
    <line>
      <![CDATA[clicked on save button]]>
    </line>
    <line>
      <![CDATA[Cliked on Opportunites link]]>
    </line>
    <line>
      <![CDATA[cliked on create opportunity link]]>
    </line>
    <line>
      <![CDATA[entered opportunity name]]>
    </line>
    <line>
      <![CDATA[clicked on Org link]]>
    </line>
    <line>
      <![CDATA[switched to child browser]]>
    </line>
    <line>
      <![CDATA[switched to parent browser]]>
    </line>
    <line>
      <![CDATA[selected Organization name]]>
    </line>
    <line>
      <![CDATA[Existing Business selected from sigle Select drop down]]>
    </line>
    <line>
      <![CDATA[clicked the saved button]]>
    </line>
    <line>
      <![CDATA[Cliked on Opportunites link]]>
    </line>
    <line>
      <![CDATA[cliked on create opportunity link]]>
    </line>
    <line>
      <![CDATA[entered opportunity name]]>
    </line>
    <line>
      <![CDATA[clicked on Org link]]>
    </line>
    <line>
      <![CDATA[switched to child browser]]>
    </line>
    <line>
      <![CDATA[switched to parent browser]]>
    </line>
    <line>
      <![CDATA[selected Organization name]]>
    </line>
    <line>
      <![CDATA[New Business selected from sigle Select drop down]]>
    </line>
    <line>
      <![CDATA[clicked the saved button]]>
    </line>
    <line>
      <![CDATA[Mouse hovered on more link]]>
    </line>
    <line>
      <![CDATA[clicked on sales order link]]>
    </line>
    <line>
      <![CDATA[clicked on create sales order link]]>
    </line>
    <line>
      <![CDATA[salesOrder01 entered into the subject TF]]>
    </line>
    <line>
      <![CDATA[cust1001 entered into the customerno TF]]>
    </line>
    <line>
      <![CDATA[Org_123 is selected ]]>
    </line>
    <line>
      <![CDATA[entered billing address]]>
    </line>
    <line>
      <![CDATA[entered shipping address]]>
    </line>
    <line>
      <![CDATA[Laptop item is selected]]>
    </line>
    <line>
      <![CDATA[1 is selected]]>
    </line>
    <line>
      <![CDATA[clicked on save button]]>
    </line>
    <line>
      <![CDATA[sales order created successfully]]>
    </line>
    <line>
      <![CDATA[mouse hovered on more link]]>
    </line>
    <line>
      <![CDATA[clicked on Quotes Link]]>
    </line>
    <line>
      <![CDATA[clicked on create quotes link]]>
    </line>
    <line>
      <![CDATA[QOt01 <-- entered ]]>
    </line>
    <line>
      <![CDATA[clicked on organizatio button]]>
    </line>
    <line>
      <![CDATA[switched to child browser]]>
    </line>
    <line>
      <![CDATA[switched to parent browser]]>
    </line>
    <line>
      <![CDATA[selected org name]]>
    </line>
    <line>
      <![CDATA[entered billing address]]>
    </line>
    <line>
      <![CDATA[entered shipping address]]>
    </line>
    <line>
      <![CDATA[selected item -->Laptop]]>
    </line>
    <line>
      <![CDATA[selected qty -->1]]>
    </line>
    <line>
      <![CDATA[clicked on save button]]>
    </line>
    <line>
      <![CDATA[mouse hovered on more link]]>
    </line>
    <line>
      <![CDATA[clicked on purchase order link]]>
    </line>
    <line>
      <![CDATA[clicked on create purchase order link]]>
    </line>
    <line>
      <![CDATA[entered subject--> sub01]]>
    </line>
  </reporter-output>
  <suite started-at="2020-06-09T15:08:05Z" name="Suite" finished-at="2020-06-09T15:15:35Z" duration-ms="450646">
    <groups>
    </groups>
    <test started-at="2020-06-09T15:08:05Z" name="Test" finished-at="2020-06-09T15:15:35Z" duration-ms="450646">
      <class name="com.vTiger.testScripts.CreateQuotesTest">
        <test-method is-config="true" signature="configBC()[pri:0, instance:com.vTiger.testScripts.CreateQuotesTest@5a955565]" started-at="2020-06-09T15:14:11Z" name="configBC" finished-at="2020-06-09T15:14:18Z" duration-ms="6821" status="PASS">
          <reporter-output>
          </reporter-output>
        </test-method> <!-- configBC -->
        <test-method is-config="true" signature="configBM()[pri:0, instance:com.vTiger.testScripts.CreateQuotesTest@5a955565]" started-at="2020-06-09T15:14:18Z" name="configBM" finished-at="2020-06-09T15:14:22Z" duration-ms="3601" status="PASS">
          <reporter-output>
          </reporter-output>
        </test-method> <!-- configBM -->
        <test-method signature="createQuoteTest(java.lang.String, java.lang.String, java.lang.String, java.lang.String, java.lang.String, java.lang.String)[pri:0, instance:com.vTiger.testScripts.CreateQuotesTest@5a955565]" started-at="2020-06-09T15:14:22Z" name="createQuoteTest" data-provider="readData" finished-at="2020-06-09T15:14:41Z" duration-ms="18765" status="PASS">
          <params>
            <param index="0">
              <value>
                <![CDATA[QOt01]]>
              </value>
            </param>
            <param index="1">
              <value>
                <![CDATA[Org_123]]>
              </value>
            </param>
            <param index="2">
              <value>
                <![CDATA[BillinhAddress01]]>
              </value>
            </param>
            <param index="3">
              <value>
                <![CDATA[ShippingAddress01]]>
              </value>
            </param>
            <param index="4">
              <value>
                <![CDATA[Laptop]]>
              </value>
            </param>
            <param index="5">
              <value>
                <![CDATA[1]]>
              </value>
            </param>
          </params>
          <reporter-output>
            <line>
              <![CDATA[mouse hovered on more link]]>
            </line>
            <line>
              <![CDATA[clicked on Quotes Link]]>
            </line>
            <line>
              <![CDATA[clicked on create quotes link]]>
            </line>
            <line>
              <![CDATA[QOt01 <-- entered ]]>
            </line>
            <line>
              <![CDATA[clicked on organizatio button]]>
            </line>
            <line>
              <![CDATA[switched to child browser]]>
            </line>
            <line>
              <![CDATA[switched to parent browser]]>
            </line>
            <line>
              <![CDATA[selected org name]]>
            </line>
            <line>
              <![CDATA[entered billing address]]>
            </line>
            <line>
              <![CDATA[entered shipping address]]>
            </line>
            <line>
              <![CDATA[selected item -->Laptop]]>
            </line>
            <line>
              <![CDATA[selected qty -->1]]>
            </line>
            <line>
              <![CDATA[clicked on save button]]>
            </line>
          </reporter-output>
        </test-method> <!-- createQuoteTest -->
        <test-method is-config="true" signature="configAM()[pri:0, instance:com.vTiger.testScripts.CreateQuotesTest@5a955565]" started-at="2020-06-09T15:14:41Z" name="configAM" finished-at="2020-06-09T15:14:42Z" duration-ms="1573" status="PASS">
          <reporter-output>
          </reporter-output>
        </test-method> <!-- configAM -->
      </class> <!-- com.vTiger.testScripts.CreateQuotesTest -->
      <class name="com.vTiger.testScripts.CreateLeadsTest">
        <test-method is-config="true" signature="configBC()[pri:0, instance:com.vTiger.testScripts.CreateLeadsTest@22635ba0]" started-at="2020-06-09T15:12:26Z" name="configBC" finished-at="2020-06-09T15:12:33Z" duration-ms="6810" status="PASS">
          <reporter-output>
          </reporter-output>
        </test-method> <!-- configBC -->
        <test-method is-config="true" signature="configBM()[pri:0, instance:com.vTiger.testScripts.CreateLeadsTest@22635ba0]" started-at="2020-06-09T15:12:33Z" name="configBM" finished-at="2020-06-09T15:12:37Z" duration-ms="3844" status="PASS">
          <reporter-output>
          </reporter-output>
        </test-method> <!-- configBM -->
        <test-method signature="createLeadTest(java.lang.String, java.lang.String, java.lang.String, java.lang.String, java.lang.String, java.lang.String, java.lang.String)[pri:0, instance:com.vTiger.testScripts.CreateLeadsTest@22635ba0]" started-at="2020-06-09T15:12:37Z" name="createLeadTest" data-provider="readData" finished-at="2020-06-09T15:12:50Z" duration-ms="13237" status="PASS">
          <params>
            <param index="0">
              <value>
                <![CDATA[FN01]]>
              </value>
            </param>
            <param index="1">
              <value>
                <![CDATA[LN01]]>
              </value>
            </param>
            <param index="2">
              <value>
                <![CDATA[cmp01]]>
              </value>
            </param>
            <param index="3">
              <value>
                <![CDATA[Existing Customer]]>
              </value>
            </param>
            <param index="4">
              <value>
                <![CDATA[Banking]]>
              </value>
            </param>
            <param index="5">
              <value>
                <![CDATA[550000]]>
              </value>
            </param>
            <param index="6">
              <value>
                <![CDATA[10]]>
              </value>
            </param>
          </params>
          <reporter-output>
            <line>
              <![CDATA[clicked on leads link]]>
            </line>
            <line>
              <![CDATA[clicked on create leads link]]>
            </line>
            <line>
              <![CDATA[entered firstname into TF]]>
            </line>
            <line>
              <![CDATA[entered lastname into TF]]>
            </line>
            <line>
              <![CDATA[entered comapny name]]>
            </line>
            <line>
              <![CDATA[selected lead source]]>
            </line>
            <line>
              <![CDATA[selected industry type]]>
            </line>
            <line>
              <![CDATA[entered annualrevenue into TF]]>
            </line>
            <line>
              <![CDATA[entered noofemployees into TF]]>
            </line>
            <line>
              <![CDATA[clicked on save button]]>
            </line>
          </reporter-output>
        </test-method> <!-- createLeadTest -->
        <test-method is-config="true" signature="configAM()[pri:0, instance:com.vTiger.testScripts.CreateLeadsTest@22635ba0]" started-at="2020-06-09T15:12:50Z" name="configAM" finished-at="2020-06-09T15:12:52Z" duration-ms="1721" status="PASS">
          <reporter-output>
          </reporter-output>
        </test-method> <!-- configAM -->
      </class> <!-- com.vTiger.testScripts.CreateLeadsTest -->
      <class name="com.vTiger.testScripts.CreatePurchaseOrderTest">
        <test-method is-config="true" signature="configBC()[pri:0, instance:com.vTiger.testScripts.CreatePurchaseOrderTest@6293abcc]" started-at="2020-06-09T15:14:42Z" name="configBC" finished-at="2020-06-09T15:14:49Z" duration-ms="6508" status="PASS">
          <reporter-output>
          </reporter-output>
        </test-method> <!-- configBC -->
        <test-method is-config="true" signature="configBM()[pri:0, instance:com.vTiger.testScripts.CreatePurchaseOrderTest@6293abcc]" started-at="2020-06-09T15:14:49Z" name="configBM" finished-at="2020-06-09T15:14:53Z" duration-ms="3792" status="PASS">
          <reporter-output>
          </reporter-output>
        </test-method> <!-- configBM -->
        <test-method signature="createPurchaseOrder(java.lang.String, java.lang.String, java.lang.String, java.lang.String, java.lang.String, java.lang.String, java.lang.String)[pri:0, instance:com.vTiger.testScripts.CreatePurchaseOrderTest@6293abcc]" started-at="2020-06-09T15:14:53Z" name="createPurchaseOrder" data-provider="readData" finished-at="2020-06-09T15:15:20Z" duration-ms="27465" status="FAIL">
          <params>
            <param index="0">
              <value>
                <![CDATA[sub01]]>
              </value>
            </param>
            <param index="1">
              <value>
                <![CDATA[vendor01]]>
              </value>
            </param>
            <param index="2">
              <value>
                <![CDATA[Created]]>
              </value>
            </param>
            <param index="3">
              <value>
                <![CDATA[billingAdrs01]]>
              </value>
            </param>
            <param index="4">
              <value>
                <![CDATA[shippingAdrs01]]>
              </value>
            </param>
            <param index="5">
              <value>
                <![CDATA[Laptop]]>
              </value>
            </param>
            <param index="6">
              <value>
                <![CDATA[1]]>
              </value>
            </param>
          </params>
          <exception class="org.openqa.selenium.NoSuchElementException">
            <message>
              <![CDATA[no such element: Unable to locate element: {"method":"link text","selector":"vendor01"}
  (Session info: chrome=83.0.4103.97)
For documentation on this error, please visit: https://www.seleniumhq.org/exceptions/no_such_element.html
Build info: version: '3.141.59', revision: 'e82be7d358', time: '2018-11-14T08:17:03'
System info: host: 'LAPTOP-N34GTUSU', ip: '192.168.1.4', os.name: 'Windows 10', os.arch: 'amd64', os.version: '10.0', java.version: '12.0.2'
Driver info: org.openqa.selenium.chrome.ChromeDriver
Capabilities {acceptInsecureCerts: false, browserName: chrome, browserVersion: 83.0.4103.97, chrome: {chromedriverVersion: 83.0.4103.39 (ccbf011cb2d2b..., userDataDir: C:\Users\vikas\AppData\Loca...}, goog:chromeOptions: {debuggerAddress: localhost:54877}, javascriptEnabled: true, networkConnectionEnabled: false, pageLoadStrategy: normal, platform: WINDOWS, platformName: WINDOWS, proxy: Proxy(), setWindowRect: true, strictFileInteractability: false, timeouts: {implicit: 0, pageLoad: 300000, script: 30000}, unhandledPromptBehavior: dismiss and notify, webauthn:virtualAuthenticators: true}
Session ID: 8af320d114f62dc8d76815d8bb7971d7
*** Element info: {Using=link text, value=vendor01}]]>
            </message>
            <full-stacktrace>
              <![CDATA[org.openqa.selenium.NoSuchElementException: no such element: Unable to locate element: {"method":"link text","selector":"vendor01"}
  (Session info: chrome=83.0.4103.97)
For documentation on this error, please visit: https://www.seleniumhq.org/exceptions/no_such_element.html
Build info: version: '3.141.59', revision: 'e82be7d358', time: '2018-11-14T08:17:03'
System info: host: 'LAPTOP-N34GTUSU', ip: '192.168.1.4', os.name: 'Windows 10', os.arch: 'amd64', os.version: '10.0', java.version: '12.0.2'
Driver info: org.openqa.selenium.chrome.ChromeDriver
Capabilities {acceptInsecureCerts: false, browserName: chrome, browserVersion: 83.0.4103.97, chrome: {chromedriverVersion: 83.0.4103.39 (ccbf011cb2d2b..., userDataDir: C:\Users\vikas\AppData\Loca...}, goog:chromeOptions: {debuggerAddress: localhost:54877}, javascriptEnabled: true, networkConnectionEnabled: false, pageLoadStrategy: normal, platform: WINDOWS, platformName: WINDOWS, proxy: Proxy(), setWindowRect: true, strictFileInteractability: false, timeouts: {implicit: 0, pageLoad: 300000, script: 30000}, unhandledPromptBehavior: dismiss and notify, webauthn:virtualAuthenticators: true}
Session ID: 8af320d114f62dc8d76815d8bb7971d7
*** Element info: {Using=link text, value=vendor01}
at java.base/jdk.internal.reflect.NativeConstructorAccessorImpl.newInstance0(Native Method)
at java.base/jdk.internal.reflect.NativeConstructorAccessorImpl.newInstance(NativeConstructorAccessorImpl.java:62)
at java.base/jdk.internal.reflect.DelegatingConstructorAccessorImpl.newInstance(DelegatingConstructorAccessorImpl.java:45)
at java.base/java.lang.reflect.Constructor.newInstanceWithCaller(Constructor.java:500)
at java.base/java.lang.reflect.Constructor.newInstance(Constructor.java:481)
at org.openqa.selenium.remote.http.W3CHttpResponseCodec.createException(W3CHttpResponseCodec.java:187)
at org.openqa.selenium.remote.http.W3CHttpResponseCodec.decode(W3CHttpResponseCodec.java:122)
at org.openqa.selenium.remote.http.W3CHttpResponseCodec.decode(W3CHttpResponseCodec.java:49)
at org.openqa.selenium.remote.HttpCommandExecutor.execute(HttpCommandExecutor.java:158)
at org.openqa.selenium.remote.service.DriverCommandExecutor.execute(DriverCommandExecutor.java:83)
at org.openqa.selenium.remote.RemoteWebDriver.execute(RemoteWebDriver.java:552)
at org.openqa.selenium.remote.RemoteWebDriver.findElement(RemoteWebDriver.java:323)
at org.openqa.selenium.remote.RemoteWebDriver.findElementByLinkText(RemoteWebDriver.java:380)
at org.openqa.selenium.By$ByLinkText.findElement(By.java:220)
at org.openqa.selenium.remote.RemoteWebDriver.findElement(RemoteWebDriver.java:315)
at com.vTiger.ObjectRepo.CreatePurchaseOrder.selectVendor(CreatePurchaseOrder.java:117)
at com.vTiger.testScripts.CreatePurchaseOrderTest.createPurchaseOrder(CreatePurchaseOrderTest.java:39)
at java.base/jdk.internal.reflect.NativeMethodAccessorImpl.invoke0(Native Method)
at java.base/jdk.internal.reflect.NativeMethodAccessorImpl.invoke(NativeMethodAccessorImpl.java:62)
at java.base/jdk.internal.reflect.DelegatingMethodAccessorImpl.invoke(DelegatingMethodAccessorImpl.java:43)
at java.base/java.lang.reflect.Method.invoke(Method.java:567)
at org.testng.internal.MethodInvocationHelper.invokeMethod(MethodInvocationHelper.java:124)
at org.testng.internal.Invoker.invokeMethod(Invoker.java:583)
at org.testng.internal.Invoker.invokeTestMethod(Invoker.java:719)
at org.testng.internal.Invoker.invokeTestMethods(Invoker.java:989)
at org.testng.internal.TestMethodWorker.invokeTestMethods(TestMethodWorker.java:125)
at org.testng.internal.TestMethodWorker.run(TestMethodWorker.java:109)
at org.testng.TestRunner.privateRun(TestRunner.java:648)
at org.testng.TestRunner.run(TestRunner.java:505)
at org.testng.SuiteRunner.runTest(SuiteRunner.java:455)
at org.testng.SuiteRunner.runSequentially(SuiteRunner.java:450)
at org.testng.SuiteRunner.privateRun(SuiteRunner.java:415)
at org.testng.SuiteRunner.run(SuiteRunner.java:364)
at org.testng.SuiteRunnerWorker.runSuite(SuiteRunnerWorker.java:52)
at org.testng.SuiteRunnerWorker.run(SuiteRunnerWorker.java:84)
at org.testng.TestNG.runSuitesSequentially(TestNG.java:1208)
at org.testng.TestNG.runSuitesLocally(TestNG.java:1137)
at org.testng.TestNG.runSuites(TestNG.java:1049)
at org.testng.TestNG.run(TestNG.java:1017)
at org.testng.remote.AbstractRemoteTestNG.run(AbstractRemoteTestNG.java:115)
at org.testng.remote.RemoteTestNG.initAndRun(RemoteTestNG.java:251)
at org.testng.remote.RemoteTestNG.main(RemoteTestNG.java:77)
]]>
            </full-stacktrace>
          </exception> <!-- org.openqa.selenium.NoSuchElementException -->
          <reporter-output>
            <line>
              <![CDATA[mouse hovered on more link]]>
            </line>
            <line>
              <![CDATA[clicked on purchase order link]]>
            </line>
            <line>
              <![CDATA[clicked on create purchase order link]]>
            </line>
            <line>
              <![CDATA[entered subject--> sub01]]>
            </line>
          </reporter-output>
        </test-method> <!-- createPurchaseOrder -->
        <test-method is-config="true" signature="configAM()[pri:0, instance:com.vTiger.testScripts.CreatePurchaseOrderTest@6293abcc]" started-at="2020-06-09T15:15:20Z" name="configAM" finished-at="2020-06-09T15:15:35Z" duration-ms="15060" status="FAIL">
          <exception class="org.openqa.selenium.json.JsonException">
            <message>
              <![CDATA[java.lang.reflect.InvocationTargetException
Build info: version: '3.141.59', revision: 'e82be7d358', time: '2018-11-14T08:17:03'
System info: host: 'LAPTOP-N34GTUSU', ip: '192.168.1.4', os.name: 'Windows 10', os.arch: 'amd64', os.version: '10.0', java.version: '12.0.2'
Driver info: driver.version: RemoteWebDriver]]>
            </message>
            <full-stacktrace>
              <![CDATA[org.openqa.selenium.json.JsonException: java.lang.reflect.InvocationTargetException
Build info: version: '3.141.59', revision: 'e82be7d358', time: '2018-11-14T08:17:03'
System info: host: 'LAPTOP-N34GTUSU', ip: '192.168.1.4', os.name: 'Windows 10', os.arch: 'amd64', os.version: '10.0', java.version: '12.0.2'
Driver info: driver.version: RemoteWebDriver
at org.openqa.selenium.json.JsonOutput.convertUsingMethod(JsonOutput.java:332)
at org.openqa.selenium.json.JsonOutput.lambda$new$16(JsonOutput.java:155)
at org.openqa.selenium.json.JsonOutput.write(JsonOutput.java:264)
at org.openqa.selenium.json.JsonOutput.lambda$null$21(JsonOutput.java:168)
at java.base/java.util.LinkedHashMap$LinkedValues.forEach(LinkedHashMap.java:608)
at org.openqa.selenium.json.JsonOutput.lambda$new$22(JsonOutput.java:168)
at org.openqa.selenium.json.JsonOutput.write(JsonOutput.java:264)
at org.openqa.selenium.json.JsonOutput.lambda$null$23(JsonOutput.java:177)
at com.google.common.collect.SingletonImmutableBiMap.forEach(SingletonImmutableBiMap.java:65)
at org.openqa.selenium.json.JsonOutput.lambda$new$24(JsonOutput.java:176)
at org.openqa.selenium.json.JsonOutput.write(JsonOutput.java:264)
at org.openqa.selenium.json.JsonOutput.write(JsonOutput.java:255)
at org.openqa.selenium.json.Json.toJson(Json.java:42)
at org.openqa.selenium.remote.http.AbstractHttpCommandCodec.encode(AbstractHttpCommandCodec.java:227)
at org.openqa.selenium.remote.http.AbstractHttpCommandCodec.encode(AbstractHttpCommandCodec.java:117)
at org.openqa.selenium.remote.HttpCommandExecutor.execute(HttpCommandExecutor.java:152)
at org.openqa.selenium.remote.service.DriverCommandExecutor.execute(DriverCommandExecutor.java:83)
at org.openqa.selenium.remote.RemoteWebDriver.execute(RemoteWebDriver.java:552)
at org.openqa.selenium.remote.RemoteWebDriver.perform(RemoteWebDriver.java:618)
at org.openqa.selenium.interactions.Actions$BuiltAction.perform(Actions.java:639)
at org.openqa.selenium.interactions.Actions.perform(Actions.java:595)
at com.vTiger.genricLib.Utility.moveToElement(Utility.java:22)
at com.vTiger.ObjectRepo.Home.signOut(Home.java:64)
at com.vTiger.genricLib.Base.configAM(Base.java:68)
at java.base/jdk.internal.reflect.NativeMethodAccessorImpl.invoke0(Native Method)
at java.base/jdk.internal.reflect.NativeMethodAccessorImpl.invoke(NativeMethodAccessorImpl.java:62)
at java.base/jdk.internal.reflect.DelegatingMethodAccessorImpl.invoke(DelegatingMethodAccessorImpl.java:43)
at java.base/java.lang.reflect.Method.invoke(Method.java:567)
at org.testng.internal.MethodInvocationHelper.invokeMethod(MethodInvocationHelper.java:124)
at org.testng.internal.MethodInvocationHelper.invokeMethodConsideringTimeout(MethodInvocationHelper.java:59)
at org.testng.internal.Invoker.invokeConfigurationMethod(Invoker.java:458)
at org.testng.internal.Invoker.invokeConfigurations(Invoker.java:222)
at org.testng.internal.Invoker.invokeMethod(Invoker.java:646)
at org.testng.internal.Invoker.invokeTestMethod(Invoker.java:719)
at org.testng.internal.Invoker.invokeTestMethods(Invoker.java:989)
at org.testng.internal.TestMethodWorker.invokeTestMethods(TestMethodWorker.java:125)
at org.testng.internal.TestMethodWorker.run(TestMethodWorker.java:109)
at org.testng.TestRunner.privateRun(TestRunner.java:648)
at org.testng.TestRunner.run(TestRunner.java:505)
at org.testng.SuiteRunner.runTest(SuiteRunner.java:455)
at org.testng.SuiteRunner.runSequentially(SuiteRunner.java:450)
at org.testng.SuiteRunner.privateRun(SuiteRunner.java:415)
at org.testng.SuiteRunner.run(SuiteRunner.java:364)
at org.testng.SuiteRunnerWorker.runSuite(SuiteRunnerWorker.java:52)
at org.testng.SuiteRunnerWorker.run(SuiteRunnerWorker.java:84)
at org.testng.TestNG.runSuitesSequentially(TestNG.java:1208)
at org.testng.TestNG.runSuitesLocally(TestNG.java:1137)
at org.testng.TestNG.runSuites(TestNG.java:1049)
at org.testng.TestNG.run(TestNG.java:1017)
at org.testng.remote.AbstractRemoteTestNG.run(AbstractRemoteTestNG.java:115)
at org.testng.remote.RemoteTestNG.initAndRun(RemoteTestNG.java:251)
at org.testng.remote.RemoteTestNG.main(RemoteTestNG.java:77)
Suppressed: org.openqa.selenium.json.JsonException: Attempting to close incomplete json stream
Build info: version: '3.141.59', revision: 'e82be7d358', time: '2018-11-14T08:17:03'
System info: host: 'LAPTOP-N34GTUSU', ip: '192.168.1.4', os.name: 'Windows 10', os.arch: 'amd64', os.version: '10.0', java.version: '12.0.2'
Driver info: driver.version: RemoteWebDriver
at org.openqa.selenium.json.JsonOutput.close(JsonOutput.java:279)
at org.openqa.selenium.json.Json.toJson(Json.java:44)
... 39 more
Caused by: java.lang.reflect.InvocationTargetException
at jdk.internal.reflect.GeneratedMethodAccessor3.invoke(Unknown Source)
at java.base/jdk.internal.reflect.DelegatingMethodAccessorImpl.invoke(DelegatingMethodAccessorImpl.java:43)
at java.base/java.lang.reflect.Method.invoke(Method.java:567)
at org.openqa.selenium.json.JsonOutput.convertUsingMethod(JsonOutput.java:328)
... 51 more
Caused by: org.openqa.selenium.NoSuchElementException: no such element: Unable to locate element: {"method":"xpath","selector":"//img[contains(@src,'user.PNG')]"}
  (Session info: chrome=83.0.4103.97)
For documentation on this error, please visit: https://www.seleniumhq.org/exceptions/no_such_element.html
Build info: version: '3.141.59', revision: 'e82be7d358', time: '2018-11-14T08:17:03'
System info: host: 'LAPTOP-N34GTUSU', ip: '192.168.1.4', os.name: 'Windows 10', os.arch: 'amd64', os.version: '10.0', java.version: '12.0.2'
Driver info: org.openqa.selenium.chrome.ChromeDriver
Capabilities {acceptInsecureCerts: false, browserName: chrome, browserVersion: 83.0.4103.97, chrome: {chromedriverVersion: 83.0.4103.39 (ccbf011cb2d2b..., userDataDir: C:\Users\vikas\AppData\Loca...}, goog:chromeOptions: {debuggerAddress: localhost:54877}, javascriptEnabled: true, networkConnectionEnabled: false, pageLoadStrategy: normal, platform: WINDOWS, platformName: WINDOWS, proxy: Proxy(), setWindowRect: true, strictFileInteractability: false, timeouts: {implicit: 0, pageLoad: 300000, script: 30000}, unhandledPromptBehavior: dismiss and notify, webauthn:virtualAuthenticators: true}
Session ID: 8af320d114f62dc8d76815d8bb7971d7
*** Element info: {Using=xpath, value=//img[contains(@src,'user.PNG')]}
at java.base/jdk.internal.reflect.NativeConstructorAccessorImpl.newInstance0(Native Method)
at java.base/jdk.internal.reflect.NativeConstructorAccessorImpl.newInstance(NativeConstructorAccessorImpl.java:62)
at java.base/jdk.internal.reflect.DelegatingConstructorAccessorImpl.newInstance(DelegatingConstructorAccessorImpl.java:45)
at java.base/java.lang.reflect.Constructor.newInstanceWithCaller(Constructor.java:500)
at java.base/java.lang.reflect.Constructor.newInstance(Constructor.java:481)
at org.openqa.selenium.remote.http.W3CHttpResponseCodec.createException(W3CHttpResponseCodec.java:187)
at org.openqa.selenium.remote.http.W3CHttpResponseCodec.decode(W3CHttpResponseCodec.java:122)
at org.openqa.selenium.remote.http.W3CHttpResponseCodec.decode(W3CHttpResponseCodec.java:49)
at org.openqa.selenium.remote.HttpCommandExecutor.execute(HttpCommandExecutor.java:158)
at org.openqa.selenium.remote.service.DriverCommandExecutor.execute(DriverCommandExecutor.java:83)
at org.openqa.selenium.remote.RemoteWebDriver.execute(RemoteWebDriver.java:552)
at org.openqa.selenium.remote.RemoteWebDriver.findElement(RemoteWebDriver.java:323)
at org.openqa.selenium.remote.RemoteWebDriver.findElementByXPath(RemoteWebDriver.java:428)
at org.openqa.selenium.By$ByXPath.findElement(By.java:353)
at org.openqa.selenium.remote.RemoteWebDriver.findElement(RemoteWebDriver.java:315)
at org.openqa.selenium.support.pagefactory.DefaultElementLocator.findElement(DefaultElementLocator.java:69)
at org.openqa.selenium.support.pagefactory.internal.LocatingElementHandler.invoke(LocatingElementHandler.java:38)
at com.sun.proxy.$Proxy14.getWrappedElement(Unknown Source)
at org.openqa.selenium.interactions.PointerInput$Origin.asArg(PointerInput.java:204)
at org.openqa.selenium.interactions.PointerInput$Move.encode(PointerInput.java:155)
at org.openqa.selenium.interactions.Sequence.encode(Sequence.java:75)
at org.openqa.selenium.interactions.Sequence.toJson(Sequence.java:84)
... 55 more
]]>
            </full-stacktrace>
          </exception> <!-- org.openqa.selenium.json.JsonException -->
          <reporter-output>
          </reporter-output>
        </test-method> <!-- configAM -->
        <test-method is-config="true" signature="configBM()[pri:0, instance:com.vTiger.testScripts.CreatePurchaseOrderTest@6293abcc]" started-at="2020-06-09T15:15:35Z" name="configBM" finished-at="2020-06-09T15:15:35Z" duration-ms="0" status="SKIP">
          <reporter-output>
          </reporter-output>
        </test-method> <!-- configBM -->
        <test-method signature="createPurchaseOrder(java.lang.String, java.lang.String, java.lang.String, java.lang.String, java.lang.String, java.lang.String, java.lang.String)[pri:0, instance:com.vTiger.testScripts.CreatePurchaseOrderTest@6293abcc]" started-at="2020-06-09T15:15:35Z" name="createPurchaseOrder" data-provider="readData" finished-at="2020-06-09T15:15:35Z" duration-ms="0" status="SKIP">
          <exception class="org.openqa.selenium.json.JsonException">
            <message>
              <![CDATA[java.lang.reflect.InvocationTargetException
Build info: version: '3.141.59', revision: 'e82be7d358', time: '2018-11-14T08:17:03'
System info: host: 'LAPTOP-N34GTUSU', ip: '192.168.1.4', os.name: 'Windows 10', os.arch: 'amd64', os.version: '10.0', java.version: '12.0.2'
Driver info: driver.version: RemoteWebDriver]]>
            </message>
            <full-stacktrace>
              <![CDATA[org.openqa.selenium.json.JsonException: java.lang.reflect.InvocationTargetException
Build info: version: '3.141.59', revision: 'e82be7d358', time: '2018-11-14T08:17:03'
System info: host: 'LAPTOP-N34GTUSU', ip: '192.168.1.4', os.name: 'Windows 10', os.arch: 'amd64', os.version: '10.0', java.version: '12.0.2'
Driver info: driver.version: RemoteWebDriver
at org.openqa.selenium.json.JsonOutput.convertUsingMethod(JsonOutput.java:332)
at org.openqa.selenium.json.JsonOutput.lambda$new$16(JsonOutput.java:155)
at org.openqa.selenium.json.JsonOutput.write(JsonOutput.java:264)
at org.openqa.selenium.json.JsonOutput.lambda$null$21(JsonOutput.java:168)
at java.base/java.util.LinkedHashMap$LinkedValues.forEach(LinkedHashMap.java:608)
at org.openqa.selenium.json.JsonOutput.lambda$new$22(JsonOutput.java:168)
at org.openqa.selenium.json.JsonOutput.write(JsonOutput.java:264)
at org.openqa.selenium.json.JsonOutput.lambda$null$23(JsonOutput.java:177)
at com.google.common.collect.SingletonImmutableBiMap.forEach(SingletonImmutableBiMap.java:65)
at org.openqa.selenium.json.JsonOutput.lambda$new$24(JsonOutput.java:176)
at org.openqa.selenium.json.JsonOutput.write(JsonOutput.java:264)
at org.openqa.selenium.json.JsonOutput.write(JsonOutput.java:255)
at org.openqa.selenium.json.Json.toJson(Json.java:42)
at org.openqa.selenium.remote.http.AbstractHttpCommandCodec.encode(AbstractHttpCommandCodec.java:227)
at org.openqa.selenium.remote.http.AbstractHttpCommandCodec.encode(AbstractHttpCommandCodec.java:117)
at org.openqa.selenium.remote.HttpCommandExecutor.execute(HttpCommandExecutor.java:152)
at org.openqa.selenium.remote.service.DriverCommandExecutor.execute(DriverCommandExecutor.java:83)
at org.openqa.selenium.remote.RemoteWebDriver.execute(RemoteWebDriver.java:552)
at org.openqa.selenium.remote.RemoteWebDriver.perform(RemoteWebDriver.java:618)
at org.openqa.selenium.interactions.Actions$BuiltAction.perform(Actions.java:639)
at org.openqa.selenium.interactions.Actions.perform(Actions.java:595)
at com.vTiger.genricLib.Utility.moveToElement(Utility.java:22)
at com.vTiger.ObjectRepo.Home.signOut(Home.java:64)
at com.vTiger.genricLib.Base.configAM(Base.java:68)
at java.base/jdk.internal.reflect.NativeMethodAccessorImpl.invoke0(Native Method)
at java.base/jdk.internal.reflect.NativeMethodAccessorImpl.invoke(NativeMethodAccessorImpl.java:62)
at java.base/jdk.internal.reflect.DelegatingMethodAccessorImpl.invoke(DelegatingMethodAccessorImpl.java:43)
at java.base/java.lang.reflect.Method.invoke(Method.java:567)
at org.testng.internal.MethodInvocationHelper.invokeMethod(MethodInvocationHelper.java:124)
at org.testng.internal.MethodInvocationHelper.invokeMethodConsideringTimeout(MethodInvocationHelper.java:59)
at org.testng.internal.Invoker.invokeConfigurationMethod(Invoker.java:458)
at org.testng.internal.Invoker.invokeConfigurations(Invoker.java:222)
at org.testng.internal.Invoker.invokeMethod(Invoker.java:646)
at org.testng.internal.Invoker.invokeTestMethod(Invoker.java:719)
at org.testng.internal.Invoker.invokeTestMethods(Invoker.java:989)
at org.testng.internal.TestMethodWorker.invokeTestMethods(TestMethodWorker.java:125)
at org.testng.internal.TestMethodWorker.run(TestMethodWorker.java:109)
at org.testng.TestRunner.privateRun(TestRunner.java:648)
at org.testng.TestRunner.run(TestRunner.java:505)
at org.testng.SuiteRunner.runTest(SuiteRunner.java:455)
at org.testng.SuiteRunner.runSequentially(SuiteRunner.java:450)
at org.testng.SuiteRunner.privateRun(SuiteRunner.java:415)
at org.testng.SuiteRunner.run(SuiteRunner.java:364)
at org.testng.SuiteRunnerWorker.runSuite(SuiteRunnerWorker.java:52)
at org.testng.SuiteRunnerWorker.run(SuiteRunnerWorker.java:84)
at org.testng.TestNG.runSuitesSequentially(TestNG.java:1208)
at org.testng.TestNG.runSuitesLocally(TestNG.java:1137)
at org.testng.TestNG.runSuites(TestNG.java:1049)
at org.testng.TestNG.run(TestNG.java:1017)
at org.testng.remote.AbstractRemoteTestNG.run(AbstractRemoteTestNG.java:115)
at org.testng.remote.RemoteTestNG.initAndRun(RemoteTestNG.java:251)
at org.testng.remote.RemoteTestNG.main(RemoteTestNG.java:77)
Suppressed: org.openqa.selenium.json.JsonException: Attempting to close incomplete json stream
Build info: version: '3.141.59', revision: 'e82be7d358', time: '2018-11-14T08:17:03'
System info: host: 'LAPTOP-N34GTUSU', ip: '192.168.1.4', os.name: 'Windows 10', os.arch: 'amd64', os.version: '10.0', java.version: '12.0.2'
Driver info: driver.version: RemoteWebDriver
at org.openqa.selenium.json.JsonOutput.close(JsonOutput.java:279)
at org.openqa.selenium.json.Json.toJson(Json.java:44)
... 39 more
Caused by: java.lang.reflect.InvocationTargetException
at jdk.internal.reflect.GeneratedMethodAccessor3.invoke(Unknown Source)
at java.base/jdk.internal.reflect.DelegatingMethodAccessorImpl.invoke(DelegatingMethodAccessorImpl.java:43)
at java.base/java.lang.reflect.Method.invoke(Method.java:567)
at org.openqa.selenium.json.JsonOutput.convertUsingMethod(JsonOutput.java:328)
... 51 more
Caused by: org.openqa.selenium.NoSuchElementException: no such element: Unable to locate element: {"method":"xpath","selector":"//img[contains(@src,'user.PNG')]"}
  (Session info: chrome=83.0.4103.97)
For documentation on this error, please visit: https://www.seleniumhq.org/exceptions/no_such_element.html
Build info: version: '3.141.59', revision: 'e82be7d358', time: '2018-11-14T08:17:03'
System info: host: 'LAPTOP-N34GTUSU', ip: '192.168.1.4', os.name: 'Windows 10', os.arch: 'amd64', os.version: '10.0', java.version: '12.0.2'
Driver info: org.openqa.selenium.chrome.ChromeDriver
Capabilities {acceptInsecureCerts: false, browserName: chrome, browserVersion: 83.0.4103.97, chrome: {chromedriverVersion: 83.0.4103.39 (ccbf011cb2d2b..., userDataDir: C:\Users\vikas\AppData\Loca...}, goog:chromeOptions: {debuggerAddress: localhost:54877}, javascriptEnabled: true, networkConnectionEnabled: false, pageLoadStrategy: normal, platform: WINDOWS, platformName: WINDOWS, proxy: Proxy(), setWindowRect: true, strictFileInteractability: false, timeouts: {implicit: 0, pageLoad: 300000, script: 30000}, unhandledPromptBehavior: dismiss and notify, webauthn:virtualAuthenticators: true}
Session ID: 8af320d114f62dc8d76815d8bb7971d7
*** Element info: {Using=xpath, value=//img[contains(@src,'user.PNG')]}
at java.base/jdk.internal.reflect.NativeConstructorAccessorImpl.newInstance0(Native Method)
at java.base/jdk.internal.reflect.NativeConstructorAccessorImpl.newInstance(NativeConstructorAccessorImpl.java:62)
at java.base/jdk.internal.reflect.DelegatingConstructorAccessorImpl.newInstance(DelegatingConstructorAccessorImpl.java:45)
at java.base/java.lang.reflect.Constructor.newInstanceWithCaller(Constructor.java:500)
at java.base/java.lang.reflect.Constructor.newInstance(Constructor.java:481)
at org.openqa.selenium.remote.http.W3CHttpResponseCodec.createException(W3CHttpResponseCodec.java:187)
at org.openqa.selenium.remote.http.W3CHttpResponseCodec.decode(W3CHttpResponseCodec.java:122)
at org.openqa.selenium.remote.http.W3CHttpResponseCodec.decode(W3CHttpResponseCodec.java:49)
at org.openqa.selenium.remote.HttpCommandExecutor.execute(HttpCommandExecutor.java:158)
at org.openqa.selenium.remote.service.DriverCommandExecutor.execute(DriverCommandExecutor.java:83)
at org.openqa.selenium.remote.RemoteWebDriver.execute(RemoteWebDriver.java:552)
at org.openqa.selenium.remote.RemoteWebDriver.findElement(RemoteWebDriver.java:323)
at org.openqa.selenium.remote.RemoteWebDriver.findElementByXPath(RemoteWebDriver.java:428)
at org.openqa.selenium.By$ByXPath.findElement(By.java:353)
at org.openqa.selenium.remote.RemoteWebDriver.findElement(RemoteWebDriver.java:315)
at org.openqa.selenium.support.pagefactory.DefaultElementLocator.findElement(DefaultElementLocator.java:69)
at org.openqa.selenium.support.pagefactory.internal.LocatingElementHandler.invoke(LocatingElementHandler.java:38)
at com.sun.proxy.$Proxy14.getWrappedElement(Unknown Source)
at org.openqa.selenium.interactions.PointerInput$Origin.asArg(PointerInput.java:204)
at org.openqa.selenium.interactions.PointerInput$Move.encode(PointerInput.java:155)
at org.openqa.selenium.interactions.Sequence.encode(Sequence.java:75)
at org.openqa.selenium.interactions.Sequence.toJson(Sequence.java:84)
... 55 more
]]>
            </full-stacktrace>
          </exception> <!-- org.openqa.selenium.json.JsonException -->
          <reporter-output>
          </reporter-output>
        </test-method> <!-- createPurchaseOrder -->
        <test-method is-config="true" signature="configAM()[pri:0, instance:com.vTiger.testScripts.CreatePurchaseOrderTest@6293abcc]" started-at="2020-06-09T15:15:35Z" name="configAM" finished-at="2020-06-09T15:15:35Z" duration-ms="0" status="SKIP">
          <reporter-output>
          </reporter-output>
        </test-method> <!-- configAM -->
      </class> <!-- com.vTiger.testScripts.CreatePurchaseOrderTest -->
      <class name="com.vTiger.testScripts.CreateOpportunitiesTest">
        <test-method is-config="true" signature="configBC()[pri:0, instance:com.vTiger.testScripts.CreateOpportunitiesTest@13c10b87]" started-at="2020-06-09T15:12:52Z" name="configBC" finished-at="2020-06-09T15:12:59Z" duration-ms="7187" status="PASS">
          <reporter-output>
          </reporter-output>
        </test-method> <!-- configBC -->
        <test-method is-config="true" signature="configBM()[pri:0, instance:com.vTiger.testScripts.CreateOpportunitiesTest@13c10b87]" started-at="2020-06-09T15:12:59Z" name="configBM" finished-at="2020-06-09T15:13:03Z" duration-ms="3722" status="PASS">
          <reporter-output>
          </reporter-output>
        </test-method> <!-- configBM -->
        <test-method signature="createOpportuninyTest(java.lang.String, java.lang.String, java.lang.String, java.lang.String, java.lang.String, java.lang.String)[pri:0, instance:com.vTiger.testScripts.CreateOpportunitiesTest@13c10b87]" started-at="2020-06-09T15:13:03Z" name="createOpportuninyTest" data-provider="readData" finished-at="2020-06-09T15:13:17Z" duration-ms="14074" status="PASS">
          <params>
            <param index="0">
              <value>
                <![CDATA[opprt01]]>
              </value>
            </param>
            <param index="1">
              <value>
                <![CDATA[Org_123]]>
              </value>
            </param>
            <param index="2">
              <value>
                <![CDATA[Existing Business]]>
              </value>
            </param>
            <param index="3">
              <value>
                <![CDATA[Cold Call]]>
              </value>
            </param>
            <param index="4">
              <value>
                <![CDATA[Prospecting]]>
              </value>
            </param>
            <param index="5">
              <value>
                <![CDATA[45]]>
              </value>
            </param>
          </params>
          <reporter-output>
            <line>
              <![CDATA[Cliked on Opportunites link]]>
            </line>
            <line>
              <![CDATA[cliked on create opportunity link]]>
            </line>
            <line>
              <![CDATA[entered opportunity name]]>
            </line>
            <line>
              <![CDATA[clicked on Org link]]>
            </line>
            <line>
              <![CDATA[switched to child browser]]>
            </line>
            <line>
              <![CDATA[switched to parent browser]]>
            </line>
            <line>
              <![CDATA[selected Organization name]]>
            </line>
            <line>
              <![CDATA[Existing Business selected from sigle Select drop down]]>
            </line>
            <line>
              <![CDATA[clicked the saved button]]>
            </line>
          </reporter-output>
        </test-method> <!-- createOpportuninyTest -->
        <test-method is-config="true" signature="configAM()[pri:0, instance:com.vTiger.testScripts.CreateOpportunitiesTest@13c10b87]" started-at="2020-06-09T15:13:17Z" name="configAM" finished-at="2020-06-09T15:13:19Z" duration-ms="1789" status="PASS">
          <reporter-output>
          </reporter-output>
        </test-method> <!-- configAM -->
        <test-method is-config="true" signature="configBM()[pri:0, instance:com.vTiger.testScripts.CreateOpportunitiesTest@13c10b87]" started-at="2020-06-09T15:13:19Z" name="configBM" finished-at="2020-06-09T15:13:23Z" duration-ms="3661" status="PASS">
          <reporter-output>
          </reporter-output>
        </test-method> <!-- configBM -->
        <test-method signature="createOpportuninyTest(java.lang.String, java.lang.String, java.lang.String, java.lang.String, java.lang.String, java.lang.String)[pri:0, instance:com.vTiger.testScripts.CreateOpportunitiesTest@13c10b87]" started-at="2020-06-09T15:13:23Z" name="createOpportuninyTest" data-provider="readData" finished-at="2020-06-09T15:13:38Z" duration-ms="14982" status="PASS">
          <params>
            <param index="0">
              <value>
                <![CDATA[opprt02]]>
              </value>
            </param>
            <param index="1">
              <value>
                <![CDATA[Org_124]]>
              </value>
            </param>
            <param index="2">
              <value>
                <![CDATA[New Business]]>
              </value>
            </param>
            <param index="3">
              <value>
                <![CDATA[Existing Customer]]>
              </value>
            </param>
            <param index="4">
              <value>
                <![CDATA[Qualification]]>
              </value>
            </param>
            <param index="5">
              <value>
                <![CDATA[46]]>
              </value>
            </param>
          </params>
          <reporter-output>
            <line>
              <![CDATA[Cliked on Opportunites link]]>
            </line>
            <line>
              <![CDATA[cliked on create opportunity link]]>
            </line>
            <line>
              <![CDATA[entered opportunity name]]>
            </line>
            <line>
              <![CDATA[clicked on Org link]]>
            </line>
            <line>
              <![CDATA[switched to child browser]]>
            </line>
            <line>
              <![CDATA[switched to parent browser]]>
            </line>
            <line>
              <![CDATA[selected Organization name]]>
            </line>
            <line>
              <![CDATA[New Business selected from sigle Select drop down]]>
            </line>
            <line>
              <![CDATA[clicked the saved button]]>
            </line>
          </reporter-output>
        </test-method> <!-- createOpportuninyTest -->
        <test-method is-config="true" signature="configAM()[pri:0, instance:com.vTiger.testScripts.CreateOpportunitiesTest@13c10b87]" started-at="2020-06-09T15:13:38Z" name="configAM" finished-at="2020-06-09T15:13:39Z" duration-ms="1744" status="PASS">
          <reporter-output>
          </reporter-output>
        </test-method> <!-- configAM -->
      </class> <!-- com.vTiger.testScripts.CreateOpportunitiesTest -->
      <class name="com.vTiger.testScripts.CreateProductsTest">
        <test-method is-config="true" signature="configBC()[pri:0, instance:com.vTiger.testScripts.CreateProductsTest@1df82230]" started-at="2020-06-09T15:11:39Z" name="configBC" finished-at="2020-06-09T15:11:45Z" duration-ms="6603" status="PASS">
          <reporter-output>
          </reporter-output>
        </test-method> <!-- configBC -->
        <test-method is-config="true" signature="configBM()[pri:0, instance:com.vTiger.testScripts.CreateProductsTest@1df82230]" started-at="2020-06-09T15:11:45Z" name="configBM" finished-at="2020-06-09T15:11:49Z" duration-ms="3872" status="PASS">
          <reporter-output>
          </reporter-output>
        </test-method> <!-- configBM -->
        <test-method signature="createProductTest(java.lang.String, java.lang.String, java.lang.String, java.lang.String)[pri:0, instance:com.vTiger.testScripts.CreateProductsTest@1df82230]" started-at="2020-06-09T15:11:49Z" name="createProductTest" data-provider="readData" finished-at="2020-06-09T15:12:06Z" duration-ms="16376" status="PASS">
          <params>
            <param index="0">
              <value>
                <![CDATA[product01]]>
              </value>
            </param>
            <param index="1">
              <value>
                <![CDATA[Hardware]]>
              </value>
            </param>
            <param index="2">
              <value>
                <![CDATA[Mary]]>
              </value>
            </param>
            <param index="3">
              <value>
                <![CDATA[301-Sales-Hardware]]>
              </value>
            </param>
          </params>
          <reporter-output>
            <line>
              <![CDATA[clicked on products link]]>
            </line>
            <line>
              <![CDATA[clicked on create products link]]>
            </line>
            <line>
              <![CDATA[product01 <--product is entered into the text field]]>
            </line>
            <line>
              <![CDATA[Hardware is selected ]]>
            </line>
            <line>
              <![CDATA[selected vendor name-->Mary]]>
            </line>
            <line>
              <![CDATA[selected gl Account]]>
            </line>
            <line>
              <![CDATA[clicked on save button]]>
            </line>
          </reporter-output>
        </test-method> <!-- createProductTest -->
        <test-method is-config="true" signature="configAM()[pri:0, instance:com.vTiger.testScripts.CreateProductsTest@1df82230]" started-at="2020-06-09T15:12:06Z" name="configAM" finished-at="2020-06-09T15:12:07Z" duration-ms="1637" status="PASS">
          <reporter-output>
          </reporter-output>
        </test-method> <!-- configAM -->
        <test-method is-config="true" signature="configBM()[pri:0, instance:com.vTiger.testScripts.CreateProductsTest@1df82230]" started-at="2020-06-09T15:12:07Z" name="configBM" finished-at="2020-06-09T15:12:10Z" duration-ms="2978" status="PASS">
          <reporter-output>
          </reporter-output>
        </test-method> <!-- configBM -->
        <test-method signature="createProductTest(java.lang.String, java.lang.String, java.lang.String, java.lang.String)[pri:0, instance:com.vTiger.testScripts.CreateProductsTest@1df82230]" started-at="2020-06-09T15:12:10Z" name="createProductTest" data-provider="readData" finished-at="2020-06-09T15:12:25Z" duration-ms="14261" status="PASS">
          <params>
            <param index="0">
              <value>
                <![CDATA[product02]]>
              </value>
            </param>
            <param index="1">
              <value>
                <![CDATA[Software]]>
              </value>
            </param>
            <param index="2">
              <value>
                <![CDATA[vendor02]]>
              </value>
            </param>
            <param index="3">
              <value>
                <![CDATA[300-Sales-Software]]>
              </value>
            </param>
          </params>
          <reporter-output>
            <line>
              <![CDATA[clicked on products link]]>
            </line>
            <line>
              <![CDATA[clicked on create products link]]>
            </line>
            <line>
              <![CDATA[product02 <--product is entered into the text field]]>
            </line>
            <line>
              <![CDATA[Software is selected ]]>
            </line>
            <line>
              <![CDATA[selected vendor name-->vendor02]]>
            </line>
            <line>
              <![CDATA[selected gl Account]]>
            </line>
            <line>
              <![CDATA[clicked on save button]]>
            </line>
          </reporter-output>
        </test-method> <!-- createProductTest -->
        <test-method is-config="true" signature="configAM()[pri:0, instance:com.vTiger.testScripts.CreateProductsTest@1df82230]" started-at="2020-06-09T15:12:25Z" name="configAM" finished-at="2020-06-09T15:12:26Z" duration-ms="1854" status="PASS">
          <reporter-output>
          </reporter-output>
        </test-method> <!-- configAM -->
      </class> <!-- com.vTiger.testScripts.CreateProductsTest -->
      <class name="com.vTiger.testScripts.CreateSalesOrderTest">
        <test-method is-config="true" signature="configBC()[pri:0, instance:com.vTiger.testScripts.CreateSalesOrderTest@6a01e23]" started-at="2020-06-09T15:13:39Z" name="configBC" finished-at="2020-06-09T15:13:46Z" duration-ms="6875" status="PASS">
          <reporter-output>
          </reporter-output>
        </test-method> <!-- configBC -->
        <test-method is-config="true" signature="configBM()[pri:0, instance:com.vTiger.testScripts.CreateSalesOrderTest@6a01e23]" started-at="2020-06-09T15:13:46Z" name="configBM" finished-at="2020-06-09T15:13:50Z" duration-ms="3231" status="PASS">
          <reporter-output>
          </reporter-output>
        </test-method> <!-- configBM -->
        <test-method signature="createSalesOrderTest(java.lang.String, java.lang.String, java.lang.String, java.lang.String, java.lang.String, java.lang.String, java.lang.String, java.lang.String)[pri:0, instance:com.vTiger.testScripts.CreateSalesOrderTest@6a01e23]" started-at="2020-06-09T15:13:50Z" name="createSalesOrderTest" data-provider="readData" finished-at="2020-06-09T15:14:10Z" duration-ms="19981" status="PASS">
          <params>
            <param index="0">
              <value>
                <![CDATA[salesOrder01]]>
              </value>
            </param>
            <param index="1">
              <value>
                <![CDATA[Approved]]>
              </value>
            </param>
            <param index="2">
              <value>
                <![CDATA[cust1001]]>
              </value>
            </param>
            <param index="3">
              <value>
                <![CDATA[Org_123]]>
              </value>
            </param>
            <param index="4">
              <value>
                <![CDATA[billingAdrs01]]>
              </value>
            </param>
            <param index="5">
              <value>
                <![CDATA[shippingAdrs01]]>
              </value>
            </param>
            <param index="6">
              <value>
                <![CDATA[Laptop]]>
              </value>
            </param>
            <param index="7">
              <value>
                <![CDATA[1]]>
              </value>
            </param>
          </params>
          <reporter-output>
            <line>
              <![CDATA[Mouse hovered on more link]]>
            </line>
            <line>
              <![CDATA[clicked on sales order link]]>
            </line>
            <line>
              <![CDATA[clicked on create sales order link]]>
            </line>
            <line>
              <![CDATA[salesOrder01 entered into the subject TF]]>
            </line>
            <line>
              <![CDATA[cust1001 entered into the customerno TF]]>
            </line>
            <line>
              <![CDATA[Org_123 is selected ]]>
            </line>
            <line>
              <![CDATA[entered billing address]]>
            </line>
            <line>
              <![CDATA[entered shipping address]]>
            </line>
            <line>
              <![CDATA[Laptop item is selected]]>
            </line>
            <line>
              <![CDATA[1 is selected]]>
            </line>
            <line>
              <![CDATA[clicked on save button]]>
            </line>
            <line>
              <![CDATA[sales order created successfully]]>
            </line>
          </reporter-output>
        </test-method> <!-- createSalesOrderTest -->
        <test-method is-config="true" signature="configAM()[pri:0, instance:com.vTiger.testScripts.CreateSalesOrderTest@6a01e23]" started-at="2020-06-09T15:14:10Z" name="configAM" finished-at="2020-06-09T15:14:11Z" duration-ms="1754" status="PASS">
          <reporter-output>
          </reporter-output>
        </test-method> <!-- configAM -->
      </class> <!-- com.vTiger.testScripts.CreateSalesOrderTest -->
      <class name="com.vTiger.testScripts.CreateInvoiceTest">
        <test-method is-config="true" signature="configBC()[pri:0, instance:com.vTiger.testScripts.CreateInvoiceTest@79ad8b2f]" started-at="2020-06-09T15:11:02Z" name="configBC" finished-at="2020-06-09T15:11:09Z" duration-ms="7318" status="PASS">
          <reporter-output>
          </reporter-output>
        </test-method> <!-- configBC -->
        <test-method is-config="true" signature="configBM()[pri:0, instance:com.vTiger.testScripts.CreateInvoiceTest@79ad8b2f]" started-at="2020-06-09T15:11:09Z" name="configBM" finished-at="2020-06-09T15:11:13Z" duration-ms="3519" status="PASS">
          <reporter-output>
          </reporter-output>
        </test-method> <!-- configBM -->
        <test-method signature="createInvoiceTest(java.lang.String, java.lang.String, java.lang.String, java.lang.String, java.lang.String, java.lang.String, java.lang.String)[pri:0, instance:com.vTiger.testScripts.CreateInvoiceTest@79ad8b2f]" started-at="2020-06-09T15:11:13Z" name="createInvoiceTest" data-provider="readData" finished-at="2020-06-09T15:11:37Z" duration-ms="24128" status="PASS">
          <params>
            <param index="0">
              <value>
                <![CDATA[subject01]]>
              </value>
            </param>
            <param index="1">
              <value>
                <![CDATA[Vikas]]>
              </value>
            </param>
            <param index="2">
              <value>
                <![CDATA[Qspider]]>
              </value>
            </param>
            <param index="3">
              <value>
                <![CDATA[BillinhAddress01]]>
              </value>
            </param>
            <param index="4">
              <value>
                <![CDATA[ShippingAddress01]]>
              </value>
            </param>
            <param index="5">
              <value>
                <![CDATA[Processor]]>
              </value>
            </param>
            <param index="6">
              <value>
                <![CDATA[1]]>
              </value>
            </param>
          </params>
          <reporter-output>
            <line>
              <![CDATA[mouse hovered on more link]]>
            </line>
            <line>
              <![CDATA[clicked on Invoice Link]]>
            </line>
            <line>
              <![CDATA[clicked on create invoice link]]>
            </line>
            <line>
              <![CDATA[subject01 <-- entered ]]>
            </line>
            <line>
              <![CDATA[clicked on contact name]]>
            </line>
            <line>
              <![CDATA[switched to child browser]]>
            </line>
            <line>
              <![CDATA[switched to parent browser]]>
            </line>
            <line>
              <![CDATA[selected contact name]]>
            </line>
            <line>
              <![CDATA[clicked on organization name]]>
            </line>
            <line>
              <![CDATA[switched to child browser]]>
            </line>
            <line>
              <![CDATA[switched to parent browser]]>
            </line>
            <line>
              <![CDATA[selected org name]]>
            </line>
            <line>
              <![CDATA[entered billing address]]>
            </line>
            <line>
              <![CDATA[entered shipping address]]>
            </line>
            <line>
              <![CDATA[clicked on select item]]>
            </line>
            <line>
              <![CDATA[switched to child browser]]>
            </line>
            <line>
              <![CDATA[switched to parent browser]]>
            </line>
            <line>
              <![CDATA[selected item -->Processor]]>
            </line>
            <line>
              <![CDATA[selected qty -->1]]>
            </line>
            <line>
              <![CDATA[clicked on save button]]>
            </line>
          </reporter-output>
        </test-method> <!-- createInvoiceTest -->
        <test-method is-config="true" signature="configAM()[pri:0, instance:com.vTiger.testScripts.CreateInvoiceTest@79ad8b2f]" started-at="2020-06-09T15:11:37Z" name="configAM" finished-at="2020-06-09T15:11:39Z" duration-ms="1782" status="PASS">
          <reporter-output>
          </reporter-output>
        </test-method> <!-- configAM -->
      </class> <!-- com.vTiger.testScripts.CreateInvoiceTest -->
      <class name="com.vTiger.testScripts.CreateOrganizationTest">
        <test-method is-config="true" signature="configBC()[pri:0, instance:com.vTiger.testScripts.CreateOrganizationTest@197d671]" started-at="2020-06-09T15:09:17Z" name="configBC" finished-at="2020-06-09T15:09:24Z" duration-ms="6967" status="PASS">
          <reporter-output>
          </reporter-output>
        </test-method> <!-- configBC -->
        <test-method is-config="true" signature="configBM()[pri:0, instance:com.vTiger.testScripts.CreateOrganizationTest@197d671]" started-at="2020-06-09T15:09:24Z" name="configBM" finished-at="2020-06-09T15:09:28Z" duration-ms="3587" status="PASS">
          <reporter-output>
          </reporter-output>
        </test-method> <!-- configBM -->
        <test-method signature="createOrgTest(java.lang.String, java.lang.String, java.lang.String, java.lang.String, java.lang.String, java.lang.String, java.lang.String, java.lang.String, java.lang.String, java.lang.String)[pri:0, instance:com.vTiger.testScripts.CreateOrganizationTest@197d671]" started-at="2020-06-09T15:09:28Z" name="createOrgTest" data-provider="readData" finished-at="2020-06-09T15:09:47Z" duration-ms="19622" status="PASS">
          <params>
            <param index="0">
              <value>
                <![CDATA[Org_125]]>
              </value>
            </param>
            <param index="1">
              <value>
                <![CDATA[www.org_125.com]]>
              </value>
            </param>
            <param index="2">
              <value>
                <![CDATA[60]]>
              </value>
            </param>
            <param index="3">
              <value>
                <![CDATA[Banking]]>
              </value>
            </param>
            <param index="4">
              <value>
                <![CDATA[Press]]>
              </value>
            </param>
            <param index="5">
              <value>
                <![CDATA[User]]>
              </value>
            </param>
            <param index="6">
              <value>
                <![CDATA[8524163480]]>
              </value>
            </param>
            <param index="7">
              <value>
                <![CDATA[org_125@mail.com]]>
              </value>
            </param>
            <param index="8">
              <value>
                <![CDATA[10000]]>
              </value>
            </param>
            <param index="9">
              <value>
                <![CDATA[Bangaluru]]>
              </value>
            </param>
          </params>
          <reporter-output>
            <line>
              <![CDATA[cliked on organization link]]>
            </line>
            <line>
              <![CDATA[clicked on create organization link]]>
            </line>
            <line>
              <![CDATA[organization name is entered]]>
            </line>
            <line>
              <![CDATA[Organization website entered]]>
            </line>
            <line>
              <![CDATA[Entered Employees]]>
            </line>
            <line>
              <![CDATA[clicked on save button]]>
            </line>
            <line>
              <![CDATA[organization created successfully]]>
            </line>
            <line>
              <![CDATA[clicked on organization link link->home page displayed]]>
            </line>
          </reporter-output>
        </test-method> <!-- createOrgTest -->
        <test-method is-config="true" signature="configAM()[pri:0, instance:com.vTiger.testScripts.CreateOrganizationTest@197d671]" started-at="2020-06-09T15:09:47Z" name="configAM" finished-at="2020-06-09T15:09:49Z" duration-ms="1574" status="PASS">
          <reporter-output>
          </reporter-output>
        </test-method> <!-- configAM -->
      </class> <!-- com.vTiger.testScripts.CreateOrganizationTest -->
      <class name="com.vTiger.testScripts.CreateContactsTest">
        <test-method is-config="true" signature="configBC()[pri:0, instance:com.vTiger.testScripts.CreateContactsTest@27c86f2d]" started-at="2020-06-09T15:08:05Z" name="configBC" finished-at="2020-06-09T15:08:14Z" duration-ms="9190" status="PASS">
          <reporter-output>
          </reporter-output>
        </test-method> <!-- configBC -->
        <test-method is-config="true" signature="configBM()[pri:0, instance:com.vTiger.testScripts.CreateContactsTest@27c86f2d]" started-at="2020-06-09T15:08:14Z" name="configBM" finished-at="2020-06-09T15:08:18Z" duration-ms="3530" status="PASS">
          <reporter-output>
          </reporter-output>
        </test-method> <!-- configBM -->
        <test-method signature="createContTest(java.lang.String, java.lang.String, java.lang.String, java.lang.String, java.lang.String)[pri:0, instance:com.vTiger.testScripts.CreateContactsTest@27c86f2d]" started-at="2020-06-09T15:08:18Z" name="createContTest" data-provider="readData" finished-at="2020-06-09T15:08:36Z" duration-ms="18246" status="PASS">
          <params>
            <param index="0">
              <value>
                <![CDATA[F111]]>
              </value>
            </param>
            <param index="1">
              <value>
                <![CDATA[sham]]>
              </value>
            </param>
            <param index="2">
              <value>
                <![CDATA[Org_123]]>
              </value>
            </param>
            <param index="3">
              <value>
                <![CDATA[sham@mail.com]]>
              </value>
            </param>
            <param index="4">
              <value>
                <![CDATA[756641332]]>
              </value>
            </param>
          </params>
          <reporter-output>
            <line>
              <![CDATA[clicked on Contact link]]>
            </line>
            <line>
              <![CDATA[clicked on create contact link]]>
            </line>
            <line>
              <![CDATA[entered first name]]>
            </line>
            <line>
              <![CDATA[entered last name]]>
            </line>
            <line>
              <![CDATA[entered email]]>
            </line>
            <line>
              <![CDATA[entered mobile number]]>
            </line>
            <line>
              <![CDATA[clicked on select Organization button]]>
            </line>
            <line>
              <![CDATA[switched to childe browser]]>
            </line>
            <line>
              <![CDATA[selected Organization name]]>
            </line>
            <line>
              <![CDATA[switched back to parent browser]]>
            </line>
            <line>
              <![CDATA[clicked on save button]]>
            </line>
            <line>
              <![CDATA[contact created successfully]]>
            </line>
            <line>
              <![CDATA[Entered on contacts link-->home page displayed]]>
            </line>
          </reporter-output>
        </test-method> <!-- createContTest -->
        <test-method is-config="true" signature="configAM()[pri:0, instance:com.vTiger.testScripts.CreateContactsTest@27c86f2d]" started-at="2020-06-09T15:08:36Z" name="configAM" finished-at="2020-06-09T15:08:38Z" duration-ms="1795" status="PASS">
          <reporter-output>
          </reporter-output>
        </test-method> <!-- configAM -->
        <test-method is-config="true" signature="configBM()[pri:0, instance:com.vTiger.testScripts.CreateContactsTest@27c86f2d]" started-at="2020-06-09T15:08:38Z" name="configBM" finished-at="2020-06-09T15:08:41Z" duration-ms="2883" status="PASS">
          <reporter-output>
          </reporter-output>
        </test-method> <!-- configBM -->
        <test-method signature="createContTest(java.lang.String, java.lang.String, java.lang.String, java.lang.String, java.lang.String)[pri:0, instance:com.vTiger.testScripts.CreateContactsTest@27c86f2d]" started-at="2020-06-09T15:08:41Z" name="createContTest" data-provider="readData" finished-at="2020-06-09T15:08:56Z" duration-ms="15058" status="PASS">
          <params>
            <param index="0">
              <value>
                <![CDATA[F112]]>
              </value>
            </param>
            <param index="1">
              <value>
                <![CDATA[Ram]]>
              </value>
            </param>
            <param index="2">
              <value>
                <![CDATA[Org_123]]>
              </value>
            </param>
            <param index="3">
              <value>
                <![CDATA[ram@mail.com]]>
              </value>
            </param>
            <param index="4">
              <value>
                <![CDATA[956641333]]>
              </value>
            </param>
          </params>
          <reporter-output>
            <line>
              <![CDATA[clicked on Contact link]]>
            </line>
            <line>
              <![CDATA[clicked on create contact link]]>
            </line>
            <line>
              <![CDATA[entered first name]]>
            </line>
            <line>
              <![CDATA[entered last name]]>
            </line>
            <line>
              <![CDATA[entered email]]>
            </line>
            <line>
              <![CDATA[entered mobile number]]>
            </line>
            <line>
              <![CDATA[clicked on select Organization button]]>
            </line>
            <line>
              <![CDATA[switched to childe browser]]>
            </line>
            <line>
              <![CDATA[selected Organization name]]>
            </line>
            <line>
              <![CDATA[switched back to parent browser]]>
            </line>
            <line>
              <![CDATA[clicked on save button]]>
            </line>
            <line>
              <![CDATA[contact created successfully]]>
            </line>
            <line>
              <![CDATA[Entered on contacts link-->home page displayed]]>
            </line>
          </reporter-output>
        </test-method> <!-- createContTest -->
        <test-method is-config="true" signature="configAM()[pri:0, instance:com.vTiger.testScripts.CreateContactsTest@27c86f2d]" started-at="2020-06-09T15:08:56Z" name="configAM" finished-at="2020-06-09T15:08:58Z" duration-ms="1624" status="PASS">
          <reporter-output>
          </reporter-output>
        </test-method> <!-- configAM -->
        <test-method is-config="true" signature="configBM()[pri:0, instance:com.vTiger.testScripts.CreateContactsTest@27c86f2d]" started-at="2020-06-09T15:08:58Z" name="configBM" finished-at="2020-06-09T15:09:01Z" duration-ms="3084" status="PASS">
          <reporter-output>
          </reporter-output>
        </test-method> <!-- configBM -->
        <test-method signature="createContTest(java.lang.String, java.lang.String, java.lang.String, java.lang.String, java.lang.String)[pri:0, instance:com.vTiger.testScripts.CreateContactsTest@27c86f2d]" started-at="2020-06-09T15:09:01Z" name="createContTest" data-provider="readData" finished-at="2020-06-09T15:09:15Z" duration-ms="14592" status="PASS">
          <params>
            <param index="0">
              <value>
                <![CDATA[F113]]>
              </value>
            </param>
            <param index="1">
              <value>
                <![CDATA[Suresh]]>
              </value>
            </param>
            <param index="2">
              <value>
                <![CDATA[Org_123]]>
              </value>
            </param>
            <param index="3">
              <value>
                <![CDATA[suresh@mail.com]]>
              </value>
            </param>
            <param index="4">
              <value>
                <![CDATA[756241334]]>
              </value>
            </param>
          </params>
          <reporter-output>
            <line>
              <![CDATA[clicked on Contact link]]>
            </line>
            <line>
              <![CDATA[clicked on create contact link]]>
            </line>
            <line>
              <![CDATA[entered first name]]>
            </line>
            <line>
              <![CDATA[entered last name]]>
            </line>
            <line>
              <![CDATA[entered email]]>
            </line>
            <line>
              <![CDATA[entered mobile number]]>
            </line>
            <line>
              <![CDATA[clicked on select Organization button]]>
            </line>
            <line>
              <![CDATA[switched to childe browser]]>
            </line>
            <line>
              <![CDATA[selected Organization name]]>
            </line>
            <line>
              <![CDATA[switched back to parent browser]]>
            </line>
            <line>
              <![CDATA[clicked on save button]]>
            </line>
            <line>
              <![CDATA[contact created successfully]]>
            </line>
            <line>
              <![CDATA[Entered on contacts link-->home page displayed]]>
            </line>
          </reporter-output>
        </test-method> <!-- createContTest -->
        <test-method is-config="true" signature="configAM()[pri:0, instance:com.vTiger.testScripts.CreateContactsTest@27c86f2d]" started-at="2020-06-09T15:09:15Z" name="configAM" finished-at="2020-06-09T15:09:17Z" duration-ms="1651" status="PASS">
          <reporter-output>
          </reporter-output>
        </test-method> <!-- configAM -->
      </class> <!-- com.vTiger.testScripts.CreateContactsTest -->
      <class name="com.vTiger.testScripts.CreateVendorTest">
        <test-method is-config="true" signature="configBC()[pri:0, instance:com.vTiger.testScripts.CreateVendorTest@402e37bc]" started-at="2020-06-09T15:09:49Z" name="configBC" finished-at="2020-06-09T15:09:59Z" duration-ms="10152" status="PASS">
          <reporter-output>
          </reporter-output>
        </test-method> <!-- configBC -->
        <test-method is-config="true" signature="configBM()[pri:0, instance:com.vTiger.testScripts.CreateVendorTest@402e37bc]" started-at="2020-06-09T15:09:59Z" name="configBM" finished-at="2020-06-09T15:10:03Z" duration-ms="3688" status="PASS">
          <reporter-output>
          </reporter-output>
        </test-method> <!-- configBM -->
        <test-method signature="cretaeVendrTest(java.lang.String, java.lang.String, java.lang.String, java.lang.String, java.lang.String, java.lang.String, java.lang.String, java.lang.String, java.lang.String, java.lang.String)[pri:0, instance:com.vTiger.testScripts.CreateVendorTest@402e37bc]" started-at="2020-06-09T15:10:03Z" name="cretaeVendrTest" data-provider="readData" finished-at="2020-06-09T15:10:21Z" duration-ms="18610" status="PASS">
          <params>
            <param index="0">
              <value>
                <![CDATA[vendor01]]>
              </value>
            </param>
            <param index="1">
              <value>
                <![CDATA[vendor01@mil.com]]>
              </value>
            </param>
            <param index="2">
              <value>
                <![CDATA[456278]]>
              </value>
            </param>
            <param index="3">
              <value>
                <![CDATA[www.vendor01.com]]>
              </value>
            </param>
            <param index="4">
              <value>
                <![CDATA[street01]]>
              </value>
            </param>
            <param index="5">
              <value>
                <![CDATA[city01]]>
              </value>
            </param>
            <param index="6">
              <value>
                <![CDATA[postalcode01]]>
              </value>
            </param>
            <param index="7">
              <value>
                <![CDATA[pobox01]]>
              </value>
            </param>
            <param index="8">
              <value>
                <![CDATA[state01]]>
              </value>
            </param>
            <param index="9">
              <value>
                <![CDATA[country01]]>
              </value>
            </param>
          </params>
          <reporter-output>
            <line>
              <![CDATA[mouse hovered on more link]]>
            </line>
            <line>
              <![CDATA[clicked on vendor link]]>
            </line>
            <line>
              <![CDATA[clicked on creater vendor]]>
            </line>
            <line>
              <![CDATA[entered vendor name]]>
            </line>
            <line>
              <![CDATA[entered vendored email id]]>
            </line>
            <line>
              <![CDATA[entered vendored phone no]]>
            </line>
            <line>
              <![CDATA[cliked on save button]]>
            </line>
            <line>
              <![CDATA[vendor is created successfully]]>
            </line>
            <line>
              <![CDATA[clicked on vendors link-->home page displayed]]>
            </line>
          </reporter-output>
        </test-method> <!-- cretaeVendrTest -->
        <test-method is-config="true" signature="configAM()[pri:0, instance:com.vTiger.testScripts.CreateVendorTest@402e37bc]" started-at="2020-06-09T15:10:21Z" name="configAM" finished-at="2020-06-09T15:10:23Z" duration-ms="1959" status="PASS">
          <reporter-output>
          </reporter-output>
        </test-method> <!-- configAM -->
        <test-method is-config="true" signature="configBM()[pri:0, instance:com.vTiger.testScripts.CreateVendorTest@402e37bc]" started-at="2020-06-09T15:10:23Z" name="configBM" finished-at="2020-06-09T15:10:27Z" duration-ms="3936" status="PASS">
          <reporter-output>
          </reporter-output>
        </test-method> <!-- configBM -->
        <test-method signature="cretaeVendrTest(java.lang.String, java.lang.String, java.lang.String, java.lang.String, java.lang.String, java.lang.String, java.lang.String, java.lang.String, java.lang.String, java.lang.String)[pri:0, instance:com.vTiger.testScripts.CreateVendorTest@402e37bc]" started-at="2020-06-09T15:10:27Z" name="cretaeVendrTest" data-provider="readData" finished-at="2020-06-09T15:10:42Z" duration-ms="14522" status="PASS">
          <params>
            <param index="0">
              <value>
                <![CDATA[vendor02]]>
              </value>
            </param>
            <param index="1">
              <value>
                <![CDATA[vendor02@mil.com]]>
              </value>
            </param>
            <param index="2">
              <value>
                <![CDATA[5998741]]>
              </value>
            </param>
            <param index="3">
              <value>
                <![CDATA[www.vendor02.com]]>
              </value>
            </param>
            <param index="4">
              <value>
                <![CDATA[street02]]>
              </value>
            </param>
            <param index="5">
              <value>
                <![CDATA[city02]]>
              </value>
            </param>
            <param index="6">
              <value>
                <![CDATA[postalcode02]]>
              </value>
            </param>
            <param index="7">
              <value>
                <![CDATA[pobox02]]>
              </value>
            </param>
            <param index="8">
              <value>
                <![CDATA[state02]]>
              </value>
            </param>
            <param index="9">
              <value>
                <![CDATA[country02]]>
              </value>
            </param>
          </params>
          <reporter-output>
            <line>
              <![CDATA[mouse hovered on more link]]>
            </line>
            <line>
              <![CDATA[clicked on vendor link]]>
            </line>
            <line>
              <![CDATA[clicked on creater vendor]]>
            </line>
            <line>
              <![CDATA[entered vendor name]]>
            </line>
            <line>
              <![CDATA[entered vendored email id]]>
            </line>
            <line>
              <![CDATA[entered vendored phone no]]>
            </line>
            <line>
              <![CDATA[cliked on save button]]>
            </line>
            <line>
              <![CDATA[vendor is created successfully]]>
            </line>
            <line>
              <![CDATA[clicked on vendors link-->home page displayed]]>
            </line>
          </reporter-output>
        </test-method> <!-- cretaeVendrTest -->
        <test-method is-config="true" signature="configAM()[pri:0, instance:com.vTiger.testScripts.CreateVendorTest@402e37bc]" started-at="2020-06-09T15:10:42Z" name="configAM" finished-at="2020-06-09T15:10:43Z" duration-ms="1499" status="PASS">
          <reporter-output>
          </reporter-output>
        </test-method> <!-- configAM -->
        <test-method is-config="true" signature="configBM()[pri:0, instance:com.vTiger.testScripts.CreateVendorTest@402e37bc]" started-at="2020-06-09T15:10:43Z" name="configBM" finished-at="2020-06-09T15:10:46Z" duration-ms="2938" status="PASS">
          <reporter-output>
          </reporter-output>
        </test-method> <!-- configBM -->
        <test-method signature="cretaeVendrTest(java.lang.String, java.lang.String, java.lang.String, java.lang.String, java.lang.String, java.lang.String, java.lang.String, java.lang.String, java.lang.String, java.lang.String)[pri:0, instance:com.vTiger.testScripts.CreateVendorTest@402e37bc]" started-at="2020-06-09T15:10:46Z" name="cretaeVendrTest" data-provider="readData" finished-at="2020-06-09T15:11:00Z" duration-ms="13598" status="PASS">
          <params>
            <param index="0">
              <value>
                <![CDATA[vendor03]]>
              </value>
            </param>
            <param index="1">
              <value>
                <![CDATA[vendor03@mil.com]]>
              </value>
            </param>
            <param index="2">
              <value>
                <![CDATA[98574]]>
              </value>
            </param>
            <param index="3">
              <value>
                <![CDATA[www.vendor03.com]]>
              </value>
            </param>
            <param index="4">
              <value>
                <![CDATA[street03]]>
              </value>
            </param>
            <param index="5">
              <value>
                <![CDATA[city03]]>
              </value>
            </param>
            <param index="6">
              <value>
                <![CDATA[postalcode03]]>
              </value>
            </param>
            <param index="7">
              <value>
                <![CDATA[pobox03]]>
              </value>
            </param>
            <param index="8">
              <value>
                <![CDATA[state03]]>
              </value>
            </param>
            <param index="9">
              <value>
                <![CDATA[country03]]>
              </value>
            </param>
          </params>
          <reporter-output>
            <line>
              <![CDATA[mouse hovered on more link]]>
            </line>
            <line>
              <![CDATA[clicked on vendor link]]>
            </line>
            <line>
              <![CDATA[clicked on creater vendor]]>
            </line>
            <line>
              <![CDATA[entered vendor name]]>
            </line>
            <line>
              <![CDATA[entered vendored email id]]>
            </line>
            <line>
              <![CDATA[entered vendored phone no]]>
            </line>
            <line>
              <![CDATA[cliked on save button]]>
            </line>
            <line>
              <![CDATA[vendor is created successfully]]>
            </line>
            <line>
              <![CDATA[clicked on vendors link-->home page displayed]]>
            </line>
          </reporter-output>
        </test-method> <!-- cretaeVendrTest -->
        <test-method is-config="true" signature="configAM()[pri:0, instance:com.vTiger.testScripts.CreateVendorTest@402e37bc]" started-at="2020-06-09T15:11:00Z" name="configAM" finished-at="2020-06-09T15:11:02Z" duration-ms="1918" status="PASS">
          <reporter-output>
          </reporter-output>
        </test-method> <!-- configAM -->
      </class> <!-- com.vTiger.testScripts.CreateVendorTest -->
    </test> <!-- Test -->
  </suite> <!-- Suite -->
</testng-results>
