<?xml version="1.0" encoding="UTF-8"?>
<!-- Generated by org.testng.reporters.JUnitXMLReporter -->
<testsuite ignored="0" hostname="LAPTOP-N34GTUSU" failures="0" tests="11" name="Test" time="291.623" errors="0" timestamp="09 Jun 2020 17:13:12 GMT">
  <testcase classname="com.vTiger.testScripts.CreateContactsTest" name="createContTest" time="13.889"/>
  <testcase classname="com.vTiger.testScripts.CreateOrganizationTest" name="createOrgTest" time="13.709"/>
  <testcase classname="com.vTiger.testScripts.CreateVendorTest" name="cretaeVendrTest" time="11.403"/>
  <testcase classname="com.vTiger.testScripts.CreateInvoiceTest" name="createInvoiceTest" time="18.227"/>
  <testcase classname="com.vTiger.testScripts.CreateProductsTest" name="createProductTest" time="13.021"/>
  <testcase classname="com.vTiger.testScripts.CreateLeadsTest" name="createLeadTest" time="10.472"/>
  <testcase classname="com.vTiger.testScripts.CreateOpportunitiesTest" name="createOpportuninyTest" time="12.241"/>
  <testcase classname="com.vTiger.testScripts.CreateSalesOrderTest" name="createSalesOrderTest" time="17.316"/>
  <testcase classname="com.vTiger.testScripts.CreateQuotesTest" name="createQuoteTest" time="16.053"/>
  <testcase classname="com.vTiger.testScripts.CreatePurchaseOrderTest" name="createPurchaseOrder" time="18.506"/>
  <testcase classname="com.vTiger.testScripts.CreatePurchaseOrderTest" name="createPurchaseOrder" time="17.687"/>
</testsuite> <!-- Test -->
